#
# There is insufficient memory for the Java Runtime Environment to continue.
# Native memory allocation (malloc) failed to allocate 1048576 bytes for AllocateHeap
# Possible reasons:
#   The system is out of physical RAM or swap space
#   The process is running with CompressedOops enabled, and the Java Heap may be blocking the growth of the native heap
# Possible solutions:
#   Reduce memory load on the system
#   Increase physical memory or swap space
#   Check if swap backing store is full
#   Decrease Java heap size (-Xmx/-Xms)
#   Decrease number of Java threads
#   Decrease Java thread stack sizes (-Xss)
#   Set larger code cache with -XX:ReservedCodeCacheSize=
#   JVM is running with Unscaled Compressed Oops mode in which the Java heap is
#     placed in the first 4GB address space. The Java Heap base address is the
#     maximum limit for the native heap growth. Please use -XX:HeapBaseMinAddress
#     to set the Java Heap base and to place the Java Heap above 4GB virtual address.
# This output file may be truncated or incomplete.
#
#  Out of Memory Error (memory/allocation.inline.hpp:61), pid=13876, tid=0x000000000000365c
#
# JRE version:  (8.0_201-b09) (build )
# Java VM: Java HotSpot(TM) 64-Bit Server VM (25.201-b09 mixed mode windows-amd64 compressed oops)
# Failed to write core dump. Minidumps are not enabled by default on client versions of Windows
#

---------------  T H R E A D  ---------------

Current thread (0x0000000002dbe000):  JavaThread "Unknown thread" [_thread_in_vm, id=13916, stack(0x0000000002e40000,0x0000000002f40000)]

Stack: [0x0000000002e40000,0x0000000002f40000]
[error occurred during error reporting (printing stack bounds), id 0xc0000005]

Native frames: (J=compiled Java code, j=interpreted, Vv=VM code, C=native code)


---------------  P R O C E S S  ---------------

Java Threads: ( => current thread )

Other Threads:

=>0x0000000002dbe000 (exited) JavaThread "Unknown thread" [_thread_in_vm, id=13916, stack(0x0000000002e40000,0x0000000002f40000)]

VM state:not at safepoint (normal execution)

VM Mutex/Monitor currently owned by a thread: None

heap address: 0x0000000081e00000, size: 2018 MB, Compressed Oops mode: 32-bit
Narrow klass base: 0x0000000000000000, Narrow klass shift: 3
Compressed class space size: 1073741824 Address: 0x0000000100000000

Heap:
 PSYoungGen      total 38400K, used 665K [0x00000000d5f80000, 0x00000000d8a00000, 0x0000000100000000)
  eden space 33280K, 2% used [0x00000000d5f80000,0x00000000d6026670,0x00000000d8000000)
  from space 5120K, 0% used [0x00000000d8500000,0x00000000d8500000,0x00000000d8a00000)
  to   space 5120K, 0% used [0x00000000d8000000,0x00000000d8000000,0x00000000d8500000)
 ParOldGen       total 87552K, used 0K [0x0000000081e00000, 0x0000000087380000, 0x00000000d5f80000)
  object space 87552K, 0% used [0x0000000081e00000,0x0000000081e00000,0x0000000087380000)
 Metaspace       used 751K, capacity 4480K, committed 4480K, reserved 1056768K
  class space    used 76K, capacity 384K, committed 384K, reserved 1048576K

Card table byte_map: [0x0000000012400000,0x0000000012800000] byte_map_base: 0x0000000011ff1000

Marking Bits: (ParMarkBitMap*) 0x0000000052004ce0
 Begin Bits: [0x00000000132b0000, 0x0000000015238000)
 End Bits:   [0x0000000015238000, 0x00000000171c0000)

Polling page: 0x0000000002da0000

CodeCache: size=245760Kb used=328Kb max_used=328Kb free=245431Kb
 bounds [0x0000000003040000, 0x00000000032b0000, 0x0000000012040000]
 total_blobs=58 nmethods=0 adapters=38
 compilation: enabled

Compilation events (0 events):
No events

GC Heap History (0 events):
No events

Deoptimization events (0 events):
No events

Classes redefined (0 events):
No events

Internal exceptions (0 events):
No events

Events (10 events):
Event: 0.037 loading class java/lang/Short
Event: 0.037 loading class java/lang/Short done
Event: 0.037 loading class java/lang/Integer
Event: 0.037 loading class java/lang/Integer done
Event: 0.037 loading class java/lang/Long
Event: 0.037 loading class java/lang/Long done
Event: 0.038 loading class java/lang/NullPointerException
Event: 0.038 loading class java/lang/NullPointerException done
Event: 0.038 loading class java/lang/ArithmeticException
Event: 0.038 loading class java/lang/ArithmeticException done


Dynamic libraries:
0x00007ff666290000 - 0x00007ff6662c7000 	C:\Program Files\Java\jre1.8.0_201\bin\javaw.exe
0x00007ffd48b60000 - 0x00007ffd48d41000 	C:\Windows\SYSTEM32\ntdll.dll
0x00007ffd489b0000 - 0x00007ffd48a61000 	C:\Windows\System32\KERNEL32.DLL
0x00007ffd45ab0000 - 0x00007ffd45d23000 	C:\Windows\System32\KERNELBASE.dll
0x00007ffd48a80000 - 0x00007ffd48b21000 	C:\Windows\System32\ADVAPI32.dll
0x00007ffd48910000 - 0x00007ffd489ae000 	C:\Windows\System32\msvcrt.dll
0x00007ffd48420000 - 0x00007ffd4847b000 	C:\Windows\System32\sechost.dll
0x00007ffd46e40000 - 0x00007ffd46f64000 	C:\Windows\System32\RPCRT4.dll
0x00007ffd46650000 - 0x00007ffd467e0000 	C:\Windows\System32\USER32.dll
0x00007ffd45f20000 - 0x00007ffd45f40000 	C:\Windows\System32\win32u.dll
0x00007ffd46ac0000 - 0x00007ffd46ae8000 	C:\Windows\System32\GDI32.dll
0x00007ffd456a0000 - 0x00007ffd45831000 	C:\Windows\System32\gdi32full.dll
0x00007ffd45d30000 - 0x00007ffd45dcf000 	C:\Windows\System32\msvcp_win.dll
0x00007ffd45dd0000 - 0x00007ffd45ec8000 	C:\Windows\System32\ucrtbase.dll
0x00007ffd2e870000 - 0x00007ffd2ead9000 	C:\Windows\WinSxS\amd64_microsoft.windows.common-controls_6595b64144ccf1df_6.0.17134.829_none_fb46a5473061b9d5\COMCTL32.dll
0x00007ffd485e0000 - 0x00007ffd48902000 	C:\Windows\System32\combase.dll
0x00007ffd45840000 - 0x00007ffd458ba000 	C:\Windows\System32\bcryptPrimitives.dll
0x00007ffd468e0000 - 0x00007ffd4690d000 	C:\Windows\System32\IMM32.DLL
0x0000000051620000 - 0x00000000516f1000 	C:\Program Files\Java\jre1.8.0_201\bin\msvcr100.dll
0x00000000517e0000 - 0x0000000052084000 	C:\Program Files\Java\jre1.8.0_201\bin\server\jvm.dll
0x00007ffd45ff0000 - 0x00007ffd45ff8000 	C:\Windows\System32\PSAPI.DLL
0x00007ffd3ebe0000 - 0x00007ffd3ebea000 	C:\Windows\SYSTEM32\VERSION.dll
0x00007ffd3f800000 - 0x00007ffd3f809000 	C:\Windows\SYSTEM32\WSOCK32.dll
0x00007ffd40b60000 - 0x00007ffd40b83000 	C:\Windows\SYSTEM32\WINMM.dll
0x00007ffd483b0000 - 0x00007ffd4841c000 	C:\Windows\System32\WS2_32.dll
0x00007ffd40b30000 - 0x00007ffd40b5a000 	C:\Windows\SYSTEM32\WINMMBASE.dll
0x00007ffd45ed0000 - 0x00007ffd45f19000 	C:\Windows\System32\cfgmgr32.dll
0x00007ffd3f7f0000 - 0x00007ffd3f7ff000 	C:\Program Files\Java\jre1.8.0_201\bin\verify.dll
0x00007ffd3e9e0000 - 0x00007ffd3ea09000 	C:\Program Files\Java\jre1.8.0_201\bin\java.dll
0x00007ffd3e9c0000 - 0x00007ffd3e9d6000 	C:\Program Files\Java\jre1.8.0_201\bin\zip.dll

VM Arguments:
jvm_args: -Dfile.encoding=Cp1252 
java_command: Main.MainFrame
java_class_path (initial): E:\Users\Marija\Desktop\Workspace\tim14\Projekat\bin
Launcher Type: SUN_STANDARD

Environment Variables:
PATH=C:/Program Files/Java/jre1.8.0_201/bin/server;C:/Program Files/Java/jre1.8.0_201/bin;C:/Program Files/Java/jre1.8.0_201/lib/amd64;C:\Program Files (x86)\IntelSWTools\compilers_and_libraries_2019.2.190\windows\mpi\intel64\bin;C:\Program Files (x86)\Common Files\Intel\Shared Libraries\redist\intel64_win\mpirt;C:\Program Files (x86)\Common Files\Intel\Shared Libraries\redist\ia32_win\mpirt;C:\Program Files (x86)\Common Files\Intel\Shared Libraries\redist\intel64_win\compiler;C:\Program Files (x86)\Common Files\Intel\Shared Libraries\redist\ia32_win\compiler;C:\Program Files (x86)\Common Files\Oracle\Java\javapath;C:\Windows\system32;C:\Windows;C:\Windows\System32\Wbem;C:\Windows\System32\WindowsPowerShell\v1.0\;C:\Windows\System32\OpenSSH\;D:\Program Files\MATLAB\R2017b\runtime\win64;D:\Program Files\MATLAB\R2017b\bin;C:\Program Files (x86)\NVIDIA Corporation\PhysX\Common;C:\Windows\system32\config\systemprofile\.dnx\bin;C:\Program Files\Microsoft DNX\Dnvm\;C:\Program Files\Microsoft SQL Server\120\Tools\Binn\;C:\Program Files\Microsoft SQL Server\130\Tools\Binn\;C:\Program Files (x86)\Windows Kits\8.1\Windows Performance Toolkit\;C:\Python27;C:\Program Files\Java\jdk1.8.0_201\bin;C:\Program Files\Git\cmd;C:\Users\Marija\AppData\Local\Microsoft\WindowsApps;C:\Users\Marija\AppData\Local\GitHubDesktop\bin;D:\Install\eclipse-jee-2018-12-R-win32-x86_64\eclipse;
USERNAME=Marija
OS=Windows_NT
PROCESSOR_IDENTIFIER=Intel64 Family 6 Model 142 Stepping 10, GenuineIntel



---------------  S Y S T E M  ---------------

OS: Windows 10.0 , 64 bit Build 17134 (10.0.17134.753)

CPU:total 8 (initial active 8) (4 cores per cpu, 2 threads per core) family 6 model 142 stepping 10, cmov, cx8, fxsr, mmx, sse, sse2, sse3, ssse3, sse4.1, sse4.2, popcnt, avx, avx2, aes, clmul, erms, 3dnowpref, lzcnt, ht, tsc, tscinvbit, bmi1, bmi2, adx

Memory: 4k page, physical 8261220k(1267720k free), swap 23811680k(5736k free)

vm_info: Java HotSpot(TM) 64-Bit Server VM (25.201-b09) for windows-amd64 JRE (1.8.0_201-b09), built on Dec 15 2018 18:36:39 by "java_re" with MS VC++ 10.0 (VS2010)

time: Thu Jul 04 16:28:46 2019
timezone: Central Europe Daylight Time
elapsed time: 0 seconds (0d 0h 0m 0s)

